Arguments: 
  C:\Program Files\nodejs\node.exe C:\Users\oreo\AppData\Roaming\npm\node_modules\yarn\bin\yarn.js add jwt-decode to install the library.

PATH: 
  C:\Go\bin;C:\Program Files (x86)\Common Files\Oracle\Java\javapath;C:\Windows\system32;C:\Windows;C:\Windows\System32\Wbem;C:\Windows\System32\WindowsPowerShell\v1.0\;C:\Windows\System32\OpenSSH\;C:\Program Files (x86)\NVIDIA Corporation\PhysX\Common;C:\Program Files\NVIDIA Corporation\NVIDIA NvDLISR;C:\WINDOWS\system32;C:\WINDOWS;C:\WINDOWS\System32\Wbem;C:\WINDOWS\System32\WindowsPowerShell\v1.0\;C:\WINDOWS\System32\OpenSSH\;C:\TDM-GCC-64\bin;C:\Program Files\bin;C:\Program Files\MATLAB\R2018a\runtime\win64;C:\Program Files\MATLAB\R2018a\bin;C:\Program Files\Git\cmd;C:\Program Files\nodejs\;C:\Go\bin;"C:\Go\bin;c:\Users\oreo\Go\bin;\Users\oreo\AppData\Local\Programs\Microsoft VS Code\bin";"c:\Go\bin;c:\Users\oreo\Go\bin;";c:\Go\bin;c:\Users\oreo\Go;C:\Users\oreo\AppData\Local\Microsoft\WindowsApps;C:\Users\oreo\AppData\Local\atom\bin;C:\Users\oreo\AppData\Local\Microsoft\WindowsApps;C:\Users\oreo\AppData\Roaming\npm;C:\Users\oreo\go\bin;C:\Users\oreo\AppData\Local\Programs\Microsoft VS Code\bin;C:\Users\oreo\AppData\Local\GitHubDesktop\bin;C:\ProgramData\oreo\GitHubDesktop\bin

Yarn version: 
  1.22.17

Node version: 
  14.17.3

Platform: 
  win32 x64

Trace: 
  Error: https://registry.yarnpkg.com/library.: Not found
      at Request.params.callback [as _callback] (C:\Users\oreo\AppData\Roaming\npm\node_modules\yarn\lib\cli.js:67029:18)
      at Request.self.callback (C:\Users\oreo\AppData\Roaming\npm\node_modules\yarn\lib\cli.js:140883:22)
      at Request.emit (events.js:375:28)
      at Request.<anonymous> (C:\Users\oreo\AppData\Roaming\npm\node_modules\yarn\lib\cli.js:141855:10)
      at Request.emit (events.js:375:28)
      at IncomingMessage.<anonymous> (C:\Users\oreo\AppData\Roaming\npm\node_modules\yarn\lib\cli.js:141777:12)
      at Object.onceWrapper (events.js:481:28)
      at IncomingMessage.emit (events.js:387:35)
      at endReadableNT (internal/streams/readable.js:1317:12)
      at processTicksAndRejections (internal/process/task_queues.js:82:21)

npm manifest: 
  No manifest

yarn manifest: 
  No manifest

Lockfile: 
  No lockfile
